c:\users\walter\desktop\c++_projects\novalis_v3\novalis_v3\x64\debug\error_stack.ixx.ifc
c:\users\walter\desktop\c++_projects\novalis_v3\novalis_v3\x64\debug\error_stack.ixx.ifc.d.json
c:\users\walter\desktop\c++_projects\novalis_v3\novalis_v3\x64\debug\error_stack.ixx.obj
c:\users\walter\desktop\c++_projects\novalis_v3\novalis_v3\x64\debug\data_util.ixx.ifc
c:\users\walter\desktop\c++_projects\novalis_v3\novalis_v3\x64\debug\data_util.ixx.ifc.d.json
c:\users\walter\desktop\c++_projects\novalis_v3\novalis_v3\x64\debug\data_util.ixx.obj
c:\users\walter\desktop\c++_projects\novalis_v3\novalis_v3\x64\debug\renderobj.ixx.ifc
c:\users\walter\desktop\c++_projects\novalis_v3\novalis_v3\x64\debug\renderobj.ixx.ifc.d.json
c:\users\walter\desktop\c++_projects\novalis_v3\novalis_v3\x64\debug\renderobj.ixx.obj
c:\users\walter\desktop\c++_projects\novalis_v3\novalis_v3\x64\debug\eventhandler.ixx.ifc
c:\users\walter\desktop\c++_projects\novalis_v3\novalis_v3\x64\debug\eventhandler.ixx.ifc.d.json
c:\users\walter\desktop\c++_projects\novalis_v3\novalis_v3\x64\debug\eventhandler.ixx.obj
c:\users\walter\desktop\c++_projects\novalis_v3\novalis_v3\x64\debug\scene.ixx.ifc
c:\users\walter\desktop\c++_projects\novalis_v3\novalis_v3\x64\debug\scene.ixx.ifc.d.json
c:\users\walter\desktop\c++_projects\novalis_v3\novalis_v3\x64\debug\scene.ixx.obj
c:\users\walter\desktop\c++_projects\novalis_v3\novalis_v3\x64\debug\functionwrapper.ixx.ifc
c:\users\walter\desktop\c++_projects\novalis_v3\novalis_v3\x64\debug\functionwrapper.ixx.ifc.d.json
c:\users\walter\desktop\c++_projects\novalis_v3\novalis_v3\x64\debug\functionwrapper.ixx.obj
c:\users\walter\desktop\c++_projects\novalis_v3\novalis_v3\x64\debug\game.ixx.ifc
c:\users\walter\desktop\c++_projects\novalis_v3\novalis_v3\x64\debug\game.ixx.ifc.d.json
c:\users\walter\desktop\c++_projects\novalis_v3\novalis_v3\x64\debug\game.ixx.obj
c:\users\walter\desktop\c++_projects\novalis_v3\novalis_v3\x64\debug\button.ixx.ifc
c:\users\walter\desktop\c++_projects\novalis_v3\novalis_v3\x64\debug\button.ixx.ifc.d.json
c:\users\walter\desktop\c++_projects\novalis_v3\novalis_v3\x64\debug\button.ixx.obj
c:\users\walter\desktop\c++_projects\novalis_v3\novalis_v3\x64\debug\sceneeditor.ixx.ifc
c:\users\walter\desktop\c++_projects\novalis_v3\novalis_v3\x64\debug\sceneeditor.ixx.ifc.d.json
c:\users\walter\desktop\c++_projects\novalis_v3\novalis_v3\x64\debug\sceneeditor.ixx.obj
c:\users\walter\desktop\c++_projects\novalis_v3\novalis_v3\x64\debug\textbox.ixx.ifc
c:\users\walter\desktop\c++_projects\novalis_v3\novalis_v3\x64\debug\textbox.ixx.ifc.d.json
c:\users\walter\desktop\c++_projects\novalis_v3\novalis_v3\x64\debug\textbox.ixx.obj
c:\users\walter\desktop\c++_projects\novalis_v3\novalis_v3\x64\debug\vc143.pdb
c:\users\walter\desktop\c++_projects\novalis_v3\novalis_v3\x64\debug\vc143.idb
c:\users\walter\desktop\c++_projects\novalis_v3\novalis_v3\x64\debug\main.obj
c:\users\walter\desktop\c++_projects\novalis_v3\novalis_v3\x64\debug\novalis_v3.ilk
c:\users\walter\desktop\c++_projects\novalis_v3\x64\debug\novalis_v3.exe
c:\users\walter\desktop\c++_projects\novalis_v3\x64\debug\novalis_v3.pdb
c:\users\walter\desktop\c++_projects\novalis_v3\novalis_v3\x64\debug\error_stack.ixx.module.json
c:\users\walter\desktop\c++_projects\novalis_v3\novalis_v3\x64\debug\startup.ixx.module.json
c:\users\walter\desktop\c++_projects\novalis_v3\novalis_v3\x64\debug\file_util.ixx.module.json
c:\users\walter\desktop\c++_projects\novalis_v3\novalis_v3\x64\debug\data_util.ixx.module.json
c:\users\walter\desktop\c++_projects\novalis_v3\novalis_v3\x64\debug\functionwrapper.ixx.module.json
c:\users\walter\desktop\c++_projects\novalis_v3\novalis_v3\x64\debug\game.ixx.module.json
c:\users\walter\desktop\c++_projects\novalis_v3\novalis_v3\x64\debug\scene.ixx.module.json
c:\users\walter\desktop\c++_projects\novalis_v3\novalis_v3\x64\debug\eventhandler.ixx.module.json
c:\users\walter\desktop\c++_projects\novalis_v3\novalis_v3\x64\debug\renderobj.ixx.module.json
c:\users\walter\desktop\c++_projects\novalis_v3\novalis_v3\x64\debug\textbox.ixx.module.json
c:\users\walter\desktop\c++_projects\novalis_v3\novalis_v3\x64\debug\button.ixx.module.json
c:\users\walter\desktop\c++_projects\novalis_v3\novalis_v3\x64\debug\sceneeditor.ixx.module.json
c:\users\walter\desktop\c++_projects\novalis_v3\novalis_v3\x64\debug\file_util.ixx.obj
c:\users\walter\desktop\c++_projects\novalis_v3\novalis_v3\x64\debug\imgui.obj
c:\users\walter\desktop\c++_projects\novalis_v3\novalis_v3\x64\debug\imgui_demo.obj
c:\users\walter\desktop\c++_projects\novalis_v3\novalis_v3\x64\debug\imgui_draw.obj
c:\users\walter\desktop\c++_projects\novalis_v3\novalis_v3\x64\debug\imgui_impl_sdl.obj
c:\users\walter\desktop\c++_projects\novalis_v3\novalis_v3\x64\debug\imgui_impl_sdlrenderer.obj
c:\users\walter\desktop\c++_projects\novalis_v3\novalis_v3\x64\debug\imgui_tables.obj
c:\users\walter\desktop\c++_projects\novalis_v3\novalis_v3\x64\debug\imgui_widgets.obj
c:\users\walter\desktop\c++_projects\novalis_v3\novalis_v3\x64\debug\startup.ixx.obj
c:\users\walter\desktop\c++_projects\novalis_v3\novalis_v3\x64\debug\novalis_v3.vcxproj.cppwinrt_comp.rsp
c:\users\walter\desktop\c++_projects\novalis_v3\novalis_v3\x64\debug\novalis_v3.vcxproj.cppwinrt_plat.rsp
c:\users\walter\desktop\c++_projects\novalis_v3\novalis_v3\x64\debug\novalis_v3.vcxproj.mdmerge.rsp
c:\users\walter\desktop\c++_projects\novalis_v3\novalis_v3\x64\debug\novalis_v3.vcxproj.midlrt.rsp
c:\users\walter\desktop\c++_projects\novalis_v3\novalis_v3\x64\debug\novalis_v3.tlog\cl.command.1.tlog
c:\users\walter\desktop\c++_projects\novalis_v3\novalis_v3\x64\debug\novalis_v3.tlog\cl.read.1.tlog
c:\users\walter\desktop\c++_projects\novalis_v3\novalis_v3\x64\debug\novalis_v3.tlog\cl.write.1.tlog
c:\users\walter\desktop\c++_projects\novalis_v3\novalis_v3\x64\debug\novalis_v3.tlog\link.command.1.tlog
c:\users\walter\desktop\c++_projects\novalis_v3\novalis_v3\x64\debug\novalis_v3.tlog\link.read.1.tlog
c:\users\walter\desktop\c++_projects\novalis_v3\novalis_v3\x64\debug\novalis_v3.tlog\link.write.1.tlog
c:\users\walter\desktop\c++_projects\novalis_v3\novalis_v3\x64\debug\novalis_v3_md.tlog\cl.command.1.tlog
c:\users\walter\desktop\c++_projects\novalis_v3\novalis_v3\x64\debug\novalis_v3_md.tlog\microsoft.build.cpptasks.cl.read.1.tlog
c:\users\walter\desktop\c++_projects\novalis_v3\novalis_v3\x64\debug\novalis_v3_md.tlog\microsoft.build.cpptasks.cl.write.1.tlog
