Fetching registry information from https://github.com/microsoft/vcpkg (HEAD)...
Detecting compiler hash for triplet x64-windows...
Compiler found: C:/Program Files/Microsoft Visual Studio/2022/Community/VC/Tools/MSVC/14.43.34808/bin/Hostx64/x64/cl.exe
The following packages will be built and installed:
  * boost-algorithm:x64-windows@1.86.0 -- C:\Users\walte\AppData\Local\vcpkg\registries\git-trees\16fe704598a261d9766b1d6eb3a483f468ab6cac
  * boost-align:x64-windows@1.86.0 -- C:\Users\walte\AppData\Local\vcpkg\registries\git-trees\c8dc52b5f1feedf8b14e93d23d6d6e719d269c0e
  * boost-any:x64-windows@1.86.0 -- C:\Users\walte\AppData\Local\vcpkg\registries\git-trees\37d5382bc7d0432e6a8f2a0537c8b554d3afcd86
  * boost-array:x64-windows@1.86.0 -- C:\Users\walte\AppData\Local\vcpkg\registries\git-trees\6259bc62d2fa5980736b9365bb69fb242269b0e2
  * boost-assert:x64-windows@1.86.0 -- C:\Users\walte\AppData\Local\vcpkg\registries\git-trees\89ff4d2e2e735c492f4f186ef5d08c27a33af0b7
  * boost-atomic:x64-windows@1.86.0 -- C:\Users\walte\AppData\Local\vcpkg\registries\git-trees\dfeaafc296d789022fbb8cccbac524ddb130175b
  * boost-bind:x64-windows@1.86.0 -- C:\Users\walte\AppData\Local\vcpkg\registries\git-trees\4779d27870e250fbe6fc8b7a05d911cacb8aae60
  * boost-chrono:x64-windows@1.86.0 -- C:\Users\walte\AppData\Local\vcpkg\registries\git-trees\8373424c8cf90f280e6e32733db56fc23d4a3b58
  * boost-cmake:x64-windows@1.86.0 -- C:\Users\walte\AppData\Local\vcpkg\registries\git-trees\453705350fbd0a8dbdbbdd06e8f368baa30b131b
  * boost-concept-check:x64-windows@1.86.0 -- C:\Users\walte\AppData\Local\vcpkg\registries\git-trees\e55931d7c2bc2b33a2cf49d6ced511e2e209bdd2
  * boost-config:x64-windows@1.86.0 -- C:\Users\walte\AppData\Local\vcpkg\registries\git-trees\762b2f284c48416310b5d05c4028716803ec2043
  * boost-container:x64-windows@1.86.0 -- C:\Users\walte\AppData\Local\vcpkg\registries\git-trees\5a0b49ee85c27c39ef25631cfdbd5d3ad1149310
  * boost-container-hash:x64-windows@1.86.0 -- C:\Users\walte\AppData\Local\vcpkg\registries\git-trees\2903e8d987be9e6c2d367298452cca9900f87f8e
  * boost-conversion:x64-windows@1.86.0 -- C:\Users\walte\AppData\Local\vcpkg\registries\git-trees\41fb2eb0dd4203ced5645d9e659253e642d6848c
  * boost-core:x64-windows@1.86.0 -- C:\Users\walte\AppData\Local\vcpkg\registries\git-trees\d978b719a8e14adce4d804ab5371e357afed9687
  * boost-date-time:x64-windows@1.86.0 -- C:\Users\walte\AppData\Local\vcpkg\registries\git-trees\1369ed0885ac49e0798a74ae9d74190658364ed6
  * boost-describe:x64-windows@1.86.0 -- C:\Users\walte\AppData\Local\vcpkg\registries\git-trees\d2a4fc640014f7442932464d954ad44b302e41c3
  * boost-detail:x64-windows@1.86.0 -- C:\Users\walte\AppData\Local\vcpkg\registries\git-trees\180c83d347dfd34afc12f69f5ca7d9e75b9681bf
  * boost-dynamic-bitset:x64-windows@1.86.0 -- C:\Users\walte\AppData\Local\vcpkg\registries\git-trees\51d054aab9c1c50259e253c4cc02114d661a4f4f
  * boost-endian:x64-windows@1.86.0 -- C:\Users\walte\AppData\Local\vcpkg\registries\git-trees\41ac0a7472ea5f242d1df7874ff39f6c64123c0a
  * boost-exception:x64-windows@1.86.0 -- C:\Users\walte\AppData\Local\vcpkg\registries\git-trees\3c99e4a65f9f64580c5601219d05dac6f54bc0ab
  * boost-function:x64-windows@1.86.0#1 -- C:\Users\walte\AppData\Local\vcpkg\registries\git-trees\1673fa911493ef1eb8a444dcb65b3e66fa338695
  * boost-function-types:x64-windows@1.86.0 -- C:\Users\walte\AppData\Local\vcpkg\registries\git-trees\13e0fd21c39949a145a90a001eb01d95c10e6cd9
    boost-functional:x64-windows@1.86.0 -- C:\Users\walte\AppData\Local\vcpkg\registries\git-trees\1a149e24ca42cbda3040781ebb9a4a634ccccfba
  * boost-fusion:x64-windows@1.86.0 -- C:\Users\walte\AppData\Local\vcpkg\registries\git-trees\7fca552578f4e09ce194b1bf0d6f25bac435907b
    boost-geometry:x64-windows@1.86.0 -- C:\Users\walte\AppData\Local\vcpkg\registries\git-trees\23f3d606087b2bcac52aba2f817430ec3272d839
  * boost-headers:x64-windows@1.86.0 -- C:\Users\walte\AppData\Local\vcpkg\registries\git-trees\c01b4dd603c01edf1940f0df3f6498f51c8acda1
  * boost-integer:x64-windows@1.86.0 -- C:\Users\walte\AppData\Local\vcpkg\registries\git-trees\944979527cd3e9b158f6d4fa27174a154b756f44
  * boost-intrusive:x64-windows@1.86.0 -- C:\Users\walte\AppData\Local\vcpkg\registries\git-trees\fdd697cf75e1c4151548b2a5df0cd17376999534
  * boost-io:x64-windows@1.86.0 -- C:\Users\walte\AppData\Local\vcpkg\registries\git-trees\381228ce40062d70c8a56afaafed81710a1ff743
  * boost-iterator:x64-windows@1.86.0 -- C:\Users\walte\AppData\Local\vcpkg\registries\git-trees\8b9a0e755f202cc140222722f4292daf54ff582b
  * boost-lexical-cast:x64-windows@1.86.0 -- C:\Users\walte\AppData\Local\vcpkg\registries\git-trees\0a36777f88db58f8d69f5e0727e3603c29e67c63
  * boost-math:x64-windows@1.86.0 -- C:\Users\walte\AppData\Local\vcpkg\registries\git-trees\690873bedff0687ce992ee4e67a1fcd35efff094
  * boost-move:x64-windows@1.86.0 -- C:\Users\walte\AppData\Local\vcpkg\registries\git-trees\2ec65ea9d8386c7364647e10ce8eeeb809be40b9
  * boost-mp11:x64-windows@1.86.0 -- C:\Users\walte\AppData\Local\vcpkg\registries\git-trees\46e636f8b4c3d8baad6af94f37838a84bf2a3ad7
  * boost-mpl:x64-windows@1.86.0 -- C:\Users\walte\AppData\Local\vcpkg\registries\git-trees\42387dab4931df9bfd20d869b92d7c6855900a93
  * boost-multiprecision:x64-windows@1.86.0 -- C:\Users\walte\AppData\Local\vcpkg\registries\git-trees\81b4e2619ca9f6ab4ea795eb2dadb3ed37f55ce2
  * boost-numeric-conversion:x64-windows@1.86.0 -- C:\Users\walte\AppData\Local\vcpkg\registries\git-trees\d7c5fdc151bf418c8b4c7e8df69306797ea12f63
  * boost-optional:x64-windows@1.86.0 -- C:\Users\walte\AppData\Local\vcpkg\registries\git-trees\1401709a35e73abf6581ee9eab32ae2b71a7fa0f
    boost-pfr:x64-windows@1.86.0 -- C:\Users\walte\AppData\Local\vcpkg\registries\git-trees\c79390e03453c40e32849c241cf07981b29f5486
  * boost-phoenix:x64-windows@1.86.0 -- C:\Users\walte\AppData\Local\vcpkg\registries\git-trees\3db90fb7dd1c352a01c0a2d72c844a023b1655ce
  * boost-polygon:x64-windows@1.86.0 -- C:\Users\walte\AppData\Local\vcpkg\registries\git-trees\c77496b9ecf1147488b44405e7a46a857a10fd81
  * boost-pool:x64-windows@1.86.0 -- C:\Users\walte\AppData\Local\vcpkg\registries\git-trees\fae207f1642a362cab7ed2d17550bf776ca99a93
  * boost-predef:x64-windows@1.86.0 -- C:\Users\walte\AppData\Local\vcpkg\registries\git-trees\955dda784a843bfb85d7c17343666c5ccf0f8642
  * boost-preprocessor:x64-windows@1.86.0 -- C:\Users\walte\AppData\Local\vcpkg\registries\git-trees\a086ddc6ee105650c442c1d40438b1670e3248b4
  * boost-proto:x64-windows@1.86.0 -- C:\Users\walte\AppData\Local\vcpkg\registries\git-trees\5c050985f2027409de71cf205c8419972ad85dec
  * boost-qvm:x64-windows@1.86.0 -- C:\Users\walte\AppData\Local\vcpkg\registries\git-trees\55fd0bf6c0cda8bb0227c546aa5308b8e11cd325
  * boost-random:x64-windows@1.86.0 -- C:\Users\walte\AppData\Local\vcpkg\registries\git-trees\28837a21143c7896257a2714036769302199b030
  * boost-range:x64-windows@1.86.0 -- C:\Users\walte\AppData\Local\vcpkg\registries\git-trees\92192fe61d14a9c421db7c3ed640e7b35f9685a4
  * boost-ratio:x64-windows@1.86.0 -- C:\Users\walte\AppData\Local\vcpkg\registries\git-trees\10ddc71738dc9afb099d2681e39f7da1d509253b
  * boost-rational:x64-windows@1.86.0 -- C:\Users\walte\AppData\Local\vcpkg\registries\git-trees\eaf89627f4ab01c16a76fe46ea532221669b6a2a
  * boost-regex:x64-windows@1.86.0 -- C:\Users\walte\AppData\Local\vcpkg\registries\git-trees\9318a93a93511ef643cf511123f7be253b27cb66
  * boost-serialization:x64-windows@1.86.0 -- C:\Users\walte\AppData\Local\vcpkg\registries\git-trees\59c1fb041dc91bd1a7cfc14902bf8ec3e211a58d
  * boost-smart-ptr:x64-windows@1.86.0 -- C:\Users\walte\AppData\Local\vcpkg\registries\git-trees\a5ab980fbf31a3a2a95cadf878c42cfdf7e5449f
  * boost-spirit:x64-windows@1.86.0 -- C:\Users\walte\AppData\Local\vcpkg\registries\git-trees\9b99b61382209f93318cefbfb964f004f697e0d5
  * boost-static-assert:x64-windows@1.86.0 -- C:\Users\walte\AppData\Local\vcpkg\registries\git-trees\47f251620a2037084eb2d8ac0e6ff3601523e42a
  * boost-system:x64-windows@1.86.0 -- C:\Users\walte\AppData\Local\vcpkg\registries\git-trees\7c85bcb721e1a1cc3bd96660476a30c0eba11f8f
  * boost-thread:x64-windows@1.86.0 -- C:\Users\walte\AppData\Local\vcpkg\registries\git-trees\4859fd5b6e005b5129c0f552de4017ec6f76546b
  * boost-throw-exception:x64-windows@1.86.0 -- C:\Users\walte\AppData\Local\vcpkg\registries\git-trees\4b282c6d95bbb3e399592f9eb87b8f420d34b3b5
  * boost-tokenizer:x64-windows@1.86.0 -- C:\Users\walte\AppData\Local\vcpkg\registries\git-trees\b7b01a69aaf4f53a6e97eb141790cb96222f69d6
  * boost-tuple:x64-windows@1.86.0 -- C:\Users\walte\AppData\Local\vcpkg\registries\git-trees\b04ebfe07fa6c45bf2e0dd35a9fec10add1b6ef9
    boost-type-erasure:x64-windows@1.86.0 -- C:\Users\walte\AppData\Local\vcpkg\registries\git-trees\47ddf4b164e299f7a619be3621ecccdcbf737a8c
  * boost-type-index:x64-windows@1.86.0 -- C:\Users\walte\AppData\Local\vcpkg\registries\git-trees\bde43caf92370cdc6b55d296f0641e1b9a516885
  * boost-type-traits:x64-windows@1.86.0 -- C:\Users\walte\AppData\Local\vcpkg\registries\git-trees\fe39918134d7cdeec3dc248cd6075bc792039ce5
  * boost-typeof:x64-windows@1.86.0 -- C:\Users\walte\AppData\Local\vcpkg\registries\git-trees\dbef6caf417e0c2ec880da9e9a6d4094a750e970
  * boost-uninstall:x64-windows@1.86.0 -- C:\Users\walte\AppData\Local\vcpkg\registries\git-trees\f7397719df120125cafecc8000deb3d2a0d5c7af
    boost-unordered:x64-windows@1.86.0 -- C:\Users\walte\AppData\Local\vcpkg\registries\git-trees\3016f6768a087d2f7a5629edae86d00c67191f1f
  * boost-utility:x64-windows@1.86.0 -- C:\Users\walte\AppData\Local\vcpkg\registries\git-trees\ee6600d9dea03593efcc67d0862d7d14807bd14d
  * boost-variant:x64-windows@1.86.0 -- C:\Users\walte\AppData\Local\vcpkg\registries\git-trees\f0fae0ca64fdd1cfa7308300888650c2215efea5
  * boost-variant2:x64-windows@1.86.0 -- C:\Users\walte\AppData\Local\vcpkg\registries\git-trees\da8c7998e31bf676c2efbce08f4e7cb41066dfe2
  * boost-vmd:x64-windows@1.86.0 -- C:\Users\walte\AppData\Local\vcpkg\registries\git-trees\4fdc2f6245ae9b2d8fd0dbae750a9e7142a11b8f
  * boost-winapi:x64-windows@1.86.0 -- C:\Users\walte\AppData\Local\vcpkg\registries\git-trees\d75ae8aec7f6af51c19a6301a05194616da25145
    nativefiledialog-extended:x64-windows@1.2.1 -- C:\Users\walte\AppData\Local\vcpkg\registries\git-trees\de840713bb625f3d94a683f1369105b245d23982
    nlohmann-json:x64-windows@3.11.3#1 -- C:\Users\walte\AppData\Local\vcpkg\registries\git-trees\324d32ddba70bc49650d1a067ddcf3d0bfc6c9b6
    plf-hive:x64-windows@2021-12-11 -- C:\Users\walte\AppData\Local\vcpkg\registries\git-trees\8e5c8a3892eb3ca1cade64672eaa76d3a9c74990
    sdl3:x64-windows@3.2.0 -- C:\Users\walte\AppData\Local\vcpkg\registries\git-trees\97f613abfcf62e33359d8cf7b67de5d689408381
    sdl3-image:x64-windows@3.1.1 -- C:\Users\walte\AppData\Local\vcpkg\registries\git-trees\cf10d2f8df73d5a1e81dfbc824786fdfb32549be
  * vcpkg-boost:x64-windows@2024-05-15 -- C:\Users\walte\AppData\Local\vcpkg\registries\git-trees\aca8ab6ec76d120c4482a629de23cad5ad7e4643
    vcpkg-cmake:x64-windows@2024-04-23 -- C:\Users\walte\AppData\Local\vcpkg\registries\git-trees\e74aa1e8f93278a8e71372f1fa08c3df420eb840
    vcpkg-cmake-config:x64-windows@2024-05-23 -- C:\Users\walte\AppData\Local\vcpkg\registries\git-trees\97a63e4bc1a17422ffe4eff71da53b4b561a7841
Additional packages (*) will be modified to complete this operation.
Restored 80 package(s) from C:\Users\walte\AppData\Local\vcpkg\archives in 32 s. Use --debug to see more details.
Installing 1/80 vcpkg-cmake-config:x64-windows@2024-05-23...
Elapsed time to handle vcpkg-cmake-config:x64-windows: 5.1 ms
vcpkg-cmake-config:x64-windows package ABI: 800a3273ef6e6f9a19a62509ca54c1a581d798d55791804eb635f15adf6edae7
Installing 2/80 vcpkg-cmake:x64-windows@2024-04-23...
Elapsed time to handle vcpkg-cmake:x64-windows: 8.47 ms
vcpkg-cmake:x64-windows package ABI: ec851d820473426311b81b25c3ca75a2c326ef13e244e7429ffbd1b3f40c7791
Installing 3/80 vcpkg-boost:x64-windows@2024-05-15...
Elapsed time to handle vcpkg-boost:x64-windows: 9.29 ms
vcpkg-boost:x64-windows package ABI: 245fe5c72244165de4a495a86c0e066b15d5379e9ca1edfca141c3726fb97b92
Installing 4/80 boost-uninstall:x64-windows@1.86.0...
Elapsed time to handle boost-uninstall:x64-windows: 7.97 ms
boost-uninstall:x64-windows package ABI: 501d13a2c695713467d362adb50cbde8da06308745344b0ef4a45a28a0d6699b
Installing 5/80 boost-cmake:x64-windows@1.86.0...
Elapsed time to handle boost-cmake:x64-windows: 10 ms
boost-cmake:x64-windows package ABI: 4504909b3043918978af02d616c0972ad6d2a6b7e6174e09cb464639ab5b70c5
Installing 6/80 boost-headers:x64-windows@1.86.0...
Elapsed time to handle boost-headers:x64-windows: 14.6 ms
boost-headers:x64-windows package ABI: 2486bfb3d23d001783b8fa80081496b9839f8b1e838088748d52295b641eb1d8
Installing 7/80 boost-config:x64-windows@1.86.0...
Elapsed time to handle boost-config:x64-windows: 54.6 ms
boost-config:x64-windows package ABI: 6b4f0fd7c845a593e4525840619978cda66a84a550cdb310de6fdc91ad7ae274
Installing 8/80 boost-static-assert:x64-windows@1.86.0...
Elapsed time to handle boost-static-assert:x64-windows: 26.9 ms
boost-static-assert:x64-windows package ABI: 5ab4bb843375cab861190b1e2bdffb3a8fcf9599006fa9a3d8702659241c5179
Installing 9/80 boost-type-traits:x64-windows@1.86.0...
Elapsed time to handle boost-type-traits:x64-windows: 45.7 ms
boost-type-traits:x64-windows package ABI: 8e6dbbbd980e5c0bbb6855f7f603c9a5d09b2f2bbbb3d1bce305611c499cb7cb
Installing 10/80 boost-assert:x64-windows@1.86.0...
Elapsed time to handle boost-assert:x64-windows: 26.8 ms
boost-assert:x64-windows package ABI: e2eeb74d63010658e9e826b4cb15a5dccf20768fcefcd64ca74d0096afb99391
Installing 11/80 boost-throw-exception:x64-windows@1.86.0...
Elapsed time to handle boost-throw-exception:x64-windows: 10.8 ms
boost-throw-exception:x64-windows package ABI: 6773d31a852b05cb83c1066ded35a0d1ae56bbd36d0678c9a4f155cc5fdd758f
Installing 12/80 boost-preprocessor:x64-windows@1.86.0...
Elapsed time to handle boost-preprocessor:x64-windows: 80.3 ms
boost-preprocessor:x64-windows package ABI: c9bcdce4e721b787df184339ff0e360b14b71bceadd5fbe260eacd68ddc831dd
Installing 13/80 boost-io:x64-windows@1.86.0...
Elapsed time to handle boost-io:x64-windows: 21.7 ms
boost-io:x64-windows package ABI: 9eed492848e4458e3007b4f1652cbe74ff53f40c4f5f0f103da6a93cbb66bcfa
Installing 14/80 boost-core:x64-windows@1.86.0...
Elapsed time to handle boost-core:x64-windows: 26.6 ms
boost-core:x64-windows package ABI: db983b5a9809aaae715933b844bc930e0646f276b705bde65565b79bd79a897a
Installing 15/80 boost-utility:x64-windows@1.86.0...
Elapsed time to handle boost-utility:x64-windows: 25.5 ms
boost-utility:x64-windows package ABI: 9b50dfb8bff81580f6cadb232f16ad270ac898ad641785270e9dd367e2f537e8
Installing 16/80 boost-typeof:x64-windows@1.86.0...
Elapsed time to handle boost-typeof:x64-windows: 29.6 ms
boost-typeof:x64-windows package ABI: 831488b6d77a0b9579b3c496618ef7e24712fd03f6419e1932c4c21e65680a0b
Installing 17/80 boost-predef:x64-windows@1.86.0...
Elapsed time to handle boost-predef:x64-windows: 35.6 ms
boost-predef:x64-windows package ABI: fdfb2406d2266ff1a3a24aaabbe91327d543a2cff03c05459e5b307efb9ad222
Installing 18/80 boost-mpl:x64-windows@1.86.0...
Elapsed time to handle boost-mpl:x64-windows: 149 ms
boost-mpl:x64-windows package ABI: e30c42b07b2bdde9ffeee83fa54cc160ab55d8f1267d53dd0baf57098b9f572a
Installing 19/80 boost-detail:x64-windows@1.86.0...
Elapsed time to handle boost-detail:x64-windows: 24.6 ms
boost-detail:x64-windows package ABI: 92f7f7710d1a41114b96db5588734a66e00f5a140db408749ead4f180105bfc6
Installing 20/80 boost-function-types:x64-windows@1.86.0...
Elapsed time to handle boost-function-types:x64-windows: 35.2 ms
boost-function-types:x64-windows package ABI: 2983265c09e1d8bdc03d6a2fcafa9e6ed4bf0679e2c80324bf507f06ca03b91e
Installing 21/80 boost-bind:x64-windows@1.86.0...
Elapsed time to handle boost-bind:x64-windows: 39.6 ms
boost-bind:x64-windows package ABI: 11006e35023c346a0c7efb07f52afd439f34f4952bf2d38b72241af18d4422e3
Installing 22/80 boost-function:x64-windows@1.86.0#1...
Elapsed time to handle boost-function:x64-windows: 28.4 ms
boost-function:x64-windows package ABI: 55fc0d9d31cf2251a5bb1858359c7238d1d544b3a387bd2237648d7f60f6756a
Installing 23/80 boost-functional:x64-windows@1.86.0...
Elapsed time to handle boost-functional:x64-windows: 15 ms
boost-functional:x64-windows package ABI: 8d98495b2b2b36d132377539db704e0bc32bb53eff6a9146c71c54c186ee8ea1
Installing 24/80 boost-mp11:x64-windows@1.86.0...
Elapsed time to handle boost-mp11:x64-windows: 31.2 ms
boost-mp11:x64-windows package ABI: de8360aea70cdba1a657472e38fb5f3f0f74b2b3081c5cb20849ae969a7f74b6
Installing 25/80 boost-variant2:x64-windows@1.86.0...
Elapsed time to handle boost-variant2:x64-windows: 23.8 ms
boost-variant2:x64-windows package ABI: f07ab9e52307bae85529e3e10137f6e8978df8ed0acff451ff84c39629cc2996
Installing 26/80 boost-describe:x64-windows@1.86.0...
Elapsed time to handle boost-describe:x64-windows: 25.3 ms
boost-describe:x64-windows package ABI: 37e3044c040d03291d255c7aa36710fb0568d82f041d030b3835ac8b09bfc286
Installing 27/80 boost-container-hash:x64-windows@1.86.0...
Elapsed time to handle boost-container-hash:x64-windows: 26.9 ms
boost-container-hash:x64-windows package ABI: 41891ce399a8f4738450272ae689b51439a527a8c15110f3dd5aa0a318e096f8
Installing 28/80 boost-type-index:x64-windows@1.86.0...
Elapsed time to handle boost-type-index:x64-windows: 15.4 ms
boost-type-index:x64-windows package ABI: 379565a481382ba9300482344d843939b832f031666c34300c943ebba5c41e2f
Installing 29/80 boost-integer:x64-windows@1.86.0...
Elapsed time to handle boost-integer:x64-windows: 29.1 ms
boost-integer:x64-windows package ABI: dc77e4168b7f5b0841a4c3cbd42410c6ad1326587eab33f699559b49a7d5c7a6
Installing 30/80 boost-variant:x64-windows@1.86.0...
Elapsed time to handle boost-variant:x64-windows: 18.6 ms
boost-variant:x64-windows package ABI: 0fb0a057b2248bce68e625edc4fd1ed4820562666ec5423c52ab550aa485089c
Installing 31/80 boost-tuple:x64-windows@1.86.0...
Elapsed time to handle boost-tuple:x64-windows: 24.2 ms
boost-tuple:x64-windows package ABI: 2bf74dab73368f7724a78cbd0b46975662b352c40a66b942801a3451f510048a
Installing 32/80 boost-move:x64-windows@1.86.0...
Elapsed time to handle boost-move:x64-windows: 26.8 ms
boost-move:x64-windows package ABI: 7e2f7f0e606eb40ceb57f56b96ff00b943b76be0fe7cb3a62bd4627a9413125c
Installing 33/80 boost-smart-ptr:x64-windows@1.86.0...
Elapsed time to handle boost-smart-ptr:x64-windows: 36.4 ms
boost-smart-ptr:x64-windows package ABI: e055b7273404921b6e1c1358c5e5135a2c0427592295e9eea948804e1faf5d71
Installing 34/80 boost-optional:x64-windows@1.86.0...
Elapsed time to handle boost-optional:x64-windows: 31.2 ms
boost-optional:x64-windows package ABI: 0c32a36c029ba8320eb77015fea27582566eddeca4d240340c70d1276b93d833
Installing 35/80 boost-fusion:x64-windows@1.86.0...
Elapsed time to handle boost-fusion:x64-windows: 195 ms
boost-fusion:x64-windows package ABI: 12f602080b54f9511bc399d3e399efd1c58d9e711312de1b50ab8d255d42e415
Installing 36/80 boost-concept-check:x64-windows@1.86.0...
Elapsed time to handle boost-concept-check:x64-windows: 22.1 ms
boost-concept-check:x64-windows package ABI: a1254eaa8b53a8ee22bb4c6c1877fdd35e51d4e63af3ad78ccf67a67c9f148fb
Installing 37/80 boost-iterator:x64-windows@1.86.0...
Elapsed time to handle boost-iterator:x64-windows: 24 ms
boost-iterator:x64-windows package ABI: 2a5617af608bf891e7339bcd42f4add9d94d3cdc951df9065c2ae972014b3dd1
Installing 38/80 boost-tokenizer:x64-windows@1.86.0...
Elapsed time to handle boost-tokenizer:x64-windows: 17.6 ms
boost-tokenizer:x64-windows package ABI: 60c9049af1f3ffe6f44ca87634257be09bf670abbf2550c9d0f8b64adfb2977d
Installing 39/80 boost-winapi:x64-windows@1.86.0...
Elapsed time to handle boost-winapi:x64-windows: 30.2 ms
boost-winapi:x64-windows package ABI: af06d8cb007f3ca8ff948b87a4dfea25f3c7a5933e45829d46a7dda66b4a31f5
Installing 40/80 boost-system:x64-windows@1.86.0...
Elapsed time to handle boost-system:x64-windows: 31.1 ms
boost-system:x64-windows package ABI: d7562913d64bda6c3f2f76a21eb53e59908ff521c8a2ff4f0963333489e7f856
Installing 41/80 boost-exception:x64-windows@1.86.0...
Elapsed time to handle boost-exception:x64-windows: 29.2 ms
boost-exception:x64-windows package ABI: 200dbd807348f781e06ca28fd1800f0fdee2c3e4e833e5315cfe479774b97d68
Installing 42/80 boost-regex:x64-windows@1.86.0...
Elapsed time to handle boost-regex:x64-windows: 30.6 ms
boost-regex:x64-windows package ABI: 200a3a84d85d1c680728d7711023a9f63dbe373bd6a03577dd6509b0d592565b
Installing 43/80 boost-conversion:x64-windows@1.86.0...
Elapsed time to handle boost-conversion:x64-windows: 25.8 ms
boost-conversion:x64-windows package ABI: 377933448d0423ab65dbfc0b4dcee6be55375a4bffda3e266174a5a902dd620d
Installing 44/80 boost-array:x64-windows@1.86.0...
Elapsed time to handle boost-array:x64-windows: 24.5 ms
boost-array:x64-windows package ABI: d6f7ec13f62780d0aeacf16351ac73e83a270f15c9fa2652d26fe1894f7b7eeb
Installing 45/80 boost-range:x64-windows@1.86.0...
Elapsed time to handle boost-range:x64-windows: 42.9 ms
boost-range:x64-windows package ABI: 945cfb77446a763014b6f5e65e2c3df826c3fc5c1d9cec00095c9c426b09334d
Installing 46/80 boost-numeric-conversion:x64-windows@1.86.0...
Elapsed time to handle boost-numeric-conversion:x64-windows: 30.4 ms
boost-numeric-conversion:x64-windows package ABI: e322c51b34b7cfa22cbaabf0c32357d9ede842353c55615a0a2c3a45c0839639
Installing 47/80 boost-intrusive:x64-windows@1.86.0...
Elapsed time to handle boost-intrusive:x64-windows: 34.8 ms
boost-intrusive:x64-windows package ABI: 1461a2ca98305d324de0d4fe4d75d760d35d8bbeda1aa441a119227a7df41021
Installing 48/80 boost-container:x64-windows@1.86.0...
Elapsed time to handle boost-container:x64-windows: 38.4 ms
boost-container:x64-windows package ABI: 33a9bf37ed0b63392dd7682138b2db6ab0a90bb9171d30cd7d27888390609dbd
Installing 49/80 boost-lexical-cast:x64-windows@1.86.0...
Elapsed time to handle boost-lexical-cast:x64-windows: 27.5 ms
boost-lexical-cast:x64-windows package ABI: 594a91907fa461494d686f845be2c3ede7c3ef00aea366c2b1422e35e339f3ae
Installing 50/80 boost-unordered:x64-windows@1.86.0...
Elapsed time to handle boost-unordered:x64-windows: 31.7 ms
boost-unordered:x64-windows package ABI: e277e122a42b88dd0856614fedc252f3e8079ea835ac019ed351d63970fb253b
Installing 51/80 boost-algorithm:x64-windows@1.86.0...
Elapsed time to handle boost-algorithm:x64-windows: 40 ms
boost-algorithm:x64-windows package ABI: 67e3043b78e473651b91544e5ef488e6fabe255188baaff96d907aea3507856d
Installing 52/80 boost-date-time:x64-windows@1.86.0...
Elapsed time to handle boost-date-time:x64-windows: 41 ms
boost-date-time:x64-windows package ABI: 56cbb0e6e5b8227b86f0c41fd462df305edd515a1c1b8c61dfc941de7fa3d046
Installing 53/80 boost-ratio:x64-windows@1.86.0...
Elapsed time to handle boost-ratio:x64-windows: 27.3 ms
boost-ratio:x64-windows package ABI: 008528cab95de8ddf3b78749e25e713f16742dd6dc2654806172725cb6586732
Installing 54/80 boost-chrono:x64-windows@1.86.0...
Elapsed time to handle boost-chrono:x64-windows: 34 ms
boost-chrono:x64-windows package ABI: dc1cd117937a3dc37edb44f7f88f0827c95015d6a909b9dd3e966b1cb4df9a31
Installing 55/80 boost-align:x64-windows@1.86.0...
Elapsed time to handle boost-align:x64-windows: 32.9 ms
boost-align:x64-windows package ABI: d55026b3223c37464e72c61f98058cdd479a443fdc6034025f00d91aa56cee1a
Installing 56/80 boost-atomic:x64-windows@1.86.0...
Elapsed time to handle boost-atomic:x64-windows: 42.8 ms
boost-atomic:x64-windows package ABI: aafdb9d90d37d60455caec06bd3468c9e816e9027c7a79f66b273129075f47ac
Installing 57/80 boost-thread:x64-windows@1.86.0...
Elapsed time to handle boost-thread:x64-windows: 44.6 ms
boost-thread:x64-windows package ABI: 12fffa07aa9f592f7c865726949e0f4ae1da021087cc0338699f1271762ab33e
Installing 58/80 boost-proto:x64-windows@1.86.0...
Elapsed time to handle boost-proto:x64-windows: 47.1 ms
boost-proto:x64-windows package ABI: a3853ab66cabdc9efc500db265bfc6ebd693fc004ead3ffb9d0da08d82eed465
Installing 59/80 boost-pool:x64-windows@1.86.0...
Elapsed time to handle boost-pool:x64-windows: 34.4 ms
boost-pool:x64-windows package ABI: 8900f582cdde44ce9a1aeff1be8c7706d0595897e7cae33fd8eb7ef218f16e43
Installing 60/80 boost-phoenix:x64-windows@1.86.0...
Elapsed time to handle boost-phoenix:x64-windows: 73 ms
boost-phoenix:x64-windows package ABI: 125e2b8359ded094e93e7caeb90ccd8cb0c1c6ad4ec2c7fc55e38af40616c13d
Installing 61/80 boost-endian:x64-windows@1.86.0...
Elapsed time to handle boost-endian:x64-windows: 32.3 ms
boost-endian:x64-windows package ABI: c3176cd6e624c13b80cf6d757ffb05c3f9731ba093a7344a58e9179e138e85ba
Installing 62/80 boost-spirit:x64-windows@1.86.0...
Elapsed time to handle boost-spirit:x64-windows: 169 ms
boost-spirit:x64-windows package ABI: 3c0c2497fec12c60f5108fcefde2091e8ae54b9c2870c0789149e46b4d7aab98
Installing 63/80 boost-serialization:x64-windows@1.86.0...
Elapsed time to handle boost-serialization:x64-windows: 47.2 ms
boost-serialization:x64-windows package ABI: 952dfbe5894e51e9e59ca48f16f2fbb9593dcbf7e6bc16d0b69ac9ec0848c450
Installing 64/80 boost-rational:x64-windows@1.86.0...
Elapsed time to handle boost-rational:x64-windows: 30.2 ms
boost-rational:x64-windows package ABI: aa94a1114ee3e521ff73c664c7c8ed9dec2e527bbfcdec9dacae33b06555313f
Installing 65/80 boost-qvm:x64-windows@1.86.0...
Elapsed time to handle boost-qvm:x64-windows: 33.8 ms
boost-qvm:x64-windows package ABI: be247ad2728aa36d0d23f184034cc961452d9d8572bc8a4aa871f19af7fe49f7
Installing 66/80 boost-polygon:x64-windows@1.86.0...
Elapsed time to handle boost-polygon:x64-windows: 31.8 ms
boost-polygon:x64-windows package ABI: 9084a1cd22a7bb77bd6cc200d9894fcbd37dc91e4555c182368b0294ec962e3a
Installing 67/80 boost-dynamic-bitset:x64-windows@1.86.0...
Elapsed time to handle boost-dynamic-bitset:x64-windows: 23.4 ms
boost-dynamic-bitset:x64-windows package ABI: af278a8cac8c45240750006c41b106c45d168671f864fe140c4953ab6d46400d
Installing 68/80 boost-random:x64-windows@1.86.0...
Elapsed time to handle boost-random:x64-windows: 37.1 ms
boost-random:x64-windows package ABI: 8375d999959ca4aad7685379fed918136139beb8def46cb99d702b3363baf427
Installing 69/80 boost-math:x64-windows@1.86.0...
Elapsed time to handle boost-math:x64-windows: 86.8 ms
boost-math:x64-windows package ABI: d5d302a5f057bf3fb77970d2f3bddf16b2f5ee3b3833b8640feef3f91bea8e52
Installing 70/80 boost-multiprecision:x64-windows@1.86.0...
Elapsed time to handle boost-multiprecision:x64-windows: 42.5 ms
boost-multiprecision:x64-windows package ABI: f475ef95d7c0eee6774bc502f9fc8a22ecb2dade62901a2417e4a4daff8dade5
Installing 71/80 boost-any:x64-windows@1.86.0...
Elapsed time to handle boost-any:x64-windows: 31.1 ms
boost-any:x64-windows package ABI: 20c8f182a5e4eae95760ab564283caf82b12a557c6f8b6debc74a727aba5e391
Installing 72/80 boost-geometry:x64-windows@1.86.0...
Elapsed time to handle boost-geometry:x64-windows: 175 ms
boost-geometry:x64-windows package ABI: fe7e181f652a9d497b85b89f43f344ca30f4ee1d6c051a109a66266d7fbdc2b7
Installing 73/80 boost-pfr:x64-windows@1.86.0...
Elapsed time to handle boost-pfr:x64-windows: 23.2 ms
boost-pfr:x64-windows package ABI: 9d10842520fe0ec004052025c8e089d947a7f1e9de1fd5ff29f798998c2dd286
Installing 74/80 boost-vmd:x64-windows@1.86.0...
Elapsed time to handle boost-vmd:x64-windows: 48.9 ms
boost-vmd:x64-windows package ABI: 2024bac6e697d1a56d05023dd47769391b4794c70bc602458790498bac339688
Installing 75/80 boost-type-erasure:x64-windows@1.86.0...
Elapsed time to handle boost-type-erasure:x64-windows: 38.4 ms
boost-type-erasure:x64-windows package ABI: 562d40feb981030636f85511e730cfa0ab33eb31683582ccc125f9553529696b
Installing 76/80 nativefiledialog-extended:x64-windows@1.2.1...
Elapsed time to handle nativefiledialog-extended:x64-windows: 40.5 ms
nativefiledialog-extended:x64-windows package ABI: 0fb4c156612c47abafce4b746b63e7809b2f86683027b1c24d3469cdd1aadb37
Installing 77/80 nlohmann-json:x64-windows@3.11.3#1...
Elapsed time to handle nlohmann-json:x64-windows: 35 ms
nlohmann-json:x64-windows package ABI: 975f9ecd22cd509a086512a5c362eefab3d8a22bc0eb679f6f0ded11e6e428f1
Installing 78/80 plf-hive:x64-windows@2021-12-11...
Elapsed time to handle plf-hive:x64-windows: 30.7 ms
plf-hive:x64-windows package ABI: 69052657849d2ab854ef0c7acae327123f88271fcdd68d9c0a700a7ae598a671
Installing 79/80 sdl3:x64-windows@3.2.0...
Elapsed time to handle sdl3:x64-windows: 38.4 ms
sdl3:x64-windows package ABI: 79c3065b9b9adbe7e6edc637a5e292d4aa09e9aa6062e8ce00044a70b16eb528
Installing 80/80 sdl3-image:x64-windows@3.1.1...
Elapsed time to handle sdl3-image:x64-windows: 33 ms
sdl3-image:x64-windows package ABI: 70ed7b372e8ebb7b102d801bcb653aab4f44b393965f11f082b2ab62f2b86ae4
Total install time: 3.2 s
boost-functional provides CMake targets:

  # this is heuristically generated, and may not be correct
  find_package(boost_functional CONFIG REQUIRED)
  target_link_libraries(main PRIVATE Boost::functional)

boost-unordered provides CMake targets:

  # this is heuristically generated, and may not be correct
  find_package(boost_unordered CONFIG REQUIRED)
  target_link_libraries(main PRIVATE Boost::unordered)

boost-geometry provides CMake targets:

  # this is heuristically generated, and may not be correct
  find_package(boost_geometry CONFIG REQUIRED)
  target_link_libraries(main PRIVATE Boost::geometry)

boost-pfr provides CMake targets:

  # this is heuristically generated, and may not be correct
  find_package(boost_pfr CONFIG REQUIRED)
  target_link_libraries(main PRIVATE Boost::pfr)

boost-type-erasure provides CMake targets:

  # this is heuristically generated, and may not be correct
  find_package(boost_type_erasure CONFIG REQUIRED)
  target_link_libraries(main PRIVATE Boost::type_erasure)

nativefiledialog-extended provides CMake targets:

  # this is heuristically generated, and may not be correct
  find_package(nfd CONFIG REQUIRED)
  target_link_libraries(main PRIVATE nfd::nfd)

The package nlohmann-json provides CMake targets:

    find_package(nlohmann_json CONFIG REQUIRED)
    target_link_libraries(main PRIVATE nlohmann_json::nlohmann_json)

The package nlohmann-json can be configured to not provide implicit conversions via a custom triplet file:

    set(nlohmann-json_IMPLICIT_CONVERSIONS OFF)

For more information, see the docs here:
    
    https://json.nlohmann.me/api/macros/json_use_implicit_conversions/

plf-hive is header-only and can be used from CMake via:

  find_path(PLF_HIVE_INCLUDE_DIRS "plf_hive.h")
  target_include_directories(main PRIVATE ${PLF_HIVE_INCLUDE_DIRS})

sdl3 provides CMake targets:

  find_package(SDL3 CONFIG REQUIRED)
  target_link_libraries(main PRIVATE SDL3::SDL3)

sdl3-image provides CMake targets:

  find_package(SDL3_image CONFIG REQUIRED)
  target_link_libraries(main PRIVATE $<IF:$<TARGET_EXISTS:SDL3_image::SDL3_image-shared>,SDL3_image::SDL3_image-shared,SDL3_image::SDL3_image-static>)

sdl3-image provides pkg-config modules:

  # image loading library for Simple DirectMedia Layer
  sdl3-image

